<?xml version="1.0" encoding="UTF-8"?>
<coverage generated="1730459210425" clover="3.2.0">
  <project timestamp="1730459210425" name="All files">
    <metrics statements="101" coveredstatements="101" conditionals="21" coveredconditionals="21" methods="12" coveredmethods="12" elements="134" coveredelements="134" complexity="0" loc="101" ncloc="101" packages="1" files="1" classes="1"/>
    <file name="utils.ts" path="D:\font_end\custom-calendar-taro\src\component\Calendar\utils.ts">
      <metrics statements="101" coveredstatements="101" conditionals="21" coveredconditionals="21" methods="12" coveredmethods="12"/>
      <line num="5" count="1" type="stmt"/>
      <line num="6" count="190" type="stmt"/>
      <line num="7" count="190" type="cond" truecount="2" falsecount="0"/>
      <line num="8" count="11" type="stmt"/>
      <line num="9" count="11" type="stmt"/>
      <line num="11" count="190" type="cond" truecount="2" falsecount="0"/>
      <line num="12" count="4" type="stmt"/>
      <line num="13" count="4" type="stmt"/>
      <line num="15" count="190" type="stmt"/>
      <line num="22" count="1" type="stmt"/>
      <line num="23" count="5" type="stmt"/>
      <line num="24" count="5" type="stmt"/>
      <line num="25" count="5" type="stmt"/>
      <line num="26" count="5" type="stmt"/>
      <line num="34" count="1" type="stmt"/>
      <line num="35" count="187" type="stmt"/>
      <line num="36" count="187" type="stmt"/>
      <line num="37" count="187" type="stmt"/>
      <line num="39" count="187" type="stmt"/>
      <line num="40" count="187" type="stmt"/>
      <line num="45" count="187" type="stmt"/>
      <line num="48" count="1" type="stmt"/>
      <line num="49" count="696" type="stmt"/>
      <line num="50" count="696" type="stmt"/>
      <line num="51" count="696" type="stmt"/>
      <line num="54" count="1" type="cond" truecount="1" falsecount="0"/>
      <line num="55" count="665" type="stmt"/>
      <line num="64" count="1" type="cond" truecount="1" falsecount="0"/>
      <line num="65" count="13" type="stmt"/>
      <line num="66" count="13" type="stmt"/>
      <line num="67" count="13" type="stmt"/>
      <line num="69" count="13" type="cond" truecount="2" falsecount="0"/>
      <line num="72" count="12" type="cond" truecount="2" falsecount="0"/>
      <line num="73" count="12" type="stmt"/>
      <line num="74" count="12" type="stmt"/>
      <line num="75" count="12" type="stmt"/>
      <line num="76" count="12" type="stmt"/>
      <line num="77" count="12" type="stmt"/>
      <line num="79" count="12" type="stmt"/>
      <line num="80" count="38" type="stmt"/>
      <line num="81" count="38" type="stmt"/>
      <line num="84" count="13" type="stmt"/>
      <line num="85" count="394" type="stmt"/>
      <line num="86" count="394" type="stmt"/>
      <line num="90" count="13" type="stmt"/>
      <line num="91" count="13" type="stmt"/>
      <line num="92" count="114" type="stmt"/>
      <line num="93" count="114" type="stmt"/>
      <line num="94" count="114" type="stmt"/>
      <line num="95" count="114" type="stmt"/>
      <line num="96" count="114" type="stmt"/>
      <line num="97" count="114" type="stmt"/>
      <line num="99" count="13" type="stmt"/>
      <line num="105" count="1" type="cond" truecount="1" falsecount="0"/>
      <line num="106" count="17" type="stmt"/>
      <line num="107" count="17" type="stmt"/>
      <line num="108" count="17" type="stmt"/>
      <line num="109" count="17" type="stmt"/>
      <line num="110" count="17" type="stmt"/>
      <line num="113" count="17" type="stmt"/>
      <line num="114" count="58" type="cond" truecount="2" falsecount="0"/>
      <line num="116" count="14" type="stmt"/>
      <line num="117" count="14" type="stmt"/>
      <line num="118" count="14" type="stmt"/>
      <line num="119" count="14" type="stmt"/>
      <line num="121" count="58" type="stmt"/>
      <line num="122" count="58" type="stmt"/>
      <line num="123" count="58" type="stmt"/>
      <line num="126" count="17" type="stmt"/>
      <line num="128" count="17" type="stmt"/>
      <line num="129" count="17" type="stmt"/>
      <line num="130" count="17" type="stmt"/>
      <line num="131" count="17" type="stmt"/>
      <line num="132" count="61" type="cond" truecount="2" falsecount="0"/>
      <line num="134" count="2" type="stmt"/>
      <line num="135" count="2" type="stmt"/>
      <line num="136" count="2" type="stmt"/>
      <line num="137" count="2" type="stmt"/>
      <line num="139" count="61" type="stmt"/>
      <line num="140" count="61" type="stmt"/>
      <line num="142" count="17" type="stmt"/>
      <line num="144" count="1" type="stmt"/>
      <line num="150" count="1" type="cond" truecount="1" falsecount="0"/>
      <line num="151" count="3" type="stmt"/>
      <line num="152" count="3" type="stmt"/>
      <line num="153" count="20" type="stmt"/>
      <line num="155" count="3" type="stmt"/>
      <line num="156" count="1" type="stmt"/>
      <line num="158" count="3" type="stmt"/>
      <line num="162" count="1" type="stmt"/>
      <line num="163" count="1" type="stmt"/>
      <line num="164" count="1" type="stmt"/>
      <line num="172" count="1" type="stmt"/>
      <line num="173" count="3" type="stmt"/>
      <line num="176" count="1" type="stmt"/>
      <line num="177" count="2" type="cond" truecount="2" falsecount="0"/>
      <line num="182" count="1" type="stmt"/>
      <line num="184" count="1" type="stmt"/>
      <line num="188" count="1" type="stmt"/>
      <line num="189" count="2" type="stmt"/>
      <line num="190" count="2" type="stmt"/>
    </file>
  </project>
</coverage>
