<?xml version="1.0" encoding="UTF-8"?>
<coverage generated="1664098304179" clover="3.2.0">
  <project timestamp="1664098304179" name="All files">
    <metrics statements="108" coveredstatements="108" conditionals="29" coveredconditionals="29" methods="12" coveredmethods="12" elements="149" coveredelements="149" complexity="0" loc="108" ncloc="108" packages="1" files="1" classes="1"/>
    <file name="utils.ts" path="D:\font_end\custom-calendar-taro\src\component\Calendar\utils.ts">
      <metrics statements="108" coveredstatements="108" conditionals="29" coveredconditionals="29" methods="12" coveredmethods="12"/>
      <line num="13" count="1" type="stmt"/>
      <line num="14" count="185" type="stmt"/>
      <line num="15" count="185" type="cond" truecount="2" falsecount="0"/>
      <line num="16" count="11" type="stmt"/>
      <line num="17" count="11" type="stmt"/>
      <line num="19" count="185" type="cond" truecount="2" falsecount="0"/>
      <line num="20" count="4" type="stmt"/>
      <line num="21" count="4" type="stmt"/>
      <line num="23" count="185" type="stmt"/>
      <line num="31" count="1" type="stmt"/>
      <line num="32" count="5" type="stmt"/>
      <line num="33" count="5" type="stmt"/>
      <line num="34" count="5" type="stmt"/>
      <line num="35" count="5" type="stmt"/>
      <line num="43" count="1" type="stmt"/>
      <line num="44" count="182" type="stmt"/>
      <line num="45" count="182" type="stmt"/>
      <line num="46" count="182" type="stmt"/>
      <line num="48" count="182" type="stmt"/>
      <line num="49" count="182" type="stmt"/>
      <line num="54" count="182" type="stmt"/>
      <line num="57" count="1" type="stmt"/>
      <line num="58" count="680" type="stmt"/>
      <line num="59" count="680" type="stmt"/>
      <line num="60" count="680" type="stmt"/>
      <line num="63" count="1" type="cond" truecount="1" falsecount="0"/>
      <line num="64" count="651" type="stmt"/>
      <line num="73" count="1" type="cond" truecount="1" falsecount="0"/>
      <line num="74" count="13" type="stmt"/>
      <line num="75" count="13" type="stmt"/>
      <line num="76" count="13" type="stmt"/>
      <line num="78" count="13" type="cond" truecount="2" falsecount="0"/>
      <line num="81" count="12" type="cond" truecount="2" falsecount="0"/>
      <line num="82" count="12" type="stmt"/>
      <line num="83" count="12" type="stmt"/>
      <line num="84" count="12" type="stmt"/>
      <line num="85" count="12" type="stmt"/>
      <line num="86" count="12" type="stmt"/>
      <line num="88" count="12" type="stmt"/>
      <line num="89" count="38" type="stmt"/>
      <line num="90" count="38" type="stmt"/>
      <line num="93" count="13" type="stmt"/>
      <line num="94" count="394" type="stmt"/>
      <line num="95" count="394" type="stmt"/>
      <line num="99" count="13" type="stmt"/>
      <line num="100" count="13" type="stmt"/>
      <line num="101" count="114" type="stmt"/>
      <line num="102" count="114" type="stmt"/>
      <line num="103" count="114" type="stmt"/>
      <line num="104" count="114" type="stmt"/>
      <line num="105" count="114" type="stmt"/>
      <line num="106" count="114" type="stmt"/>
      <line num="108" count="13" type="stmt"/>
      <line num="114" count="1" type="cond" truecount="1" falsecount="0"/>
      <line num="115" count="15" type="stmt"/>
      <line num="116" count="15" type="stmt"/>
      <line num="117" count="15" type="stmt"/>
      <line num="118" count="15" type="cond" truecount="2" falsecount="0"/>
      <line num="120" count="15" type="stmt"/>
      <line num="122" count="53" type="cond" truecount="2" falsecount="0"/>
      <line num="123" count="12" type="stmt"/>
      <line num="124" count="12" type="stmt"/>
      <line num="125" count="12" type="stmt"/>
      <line num="126" count="12" type="stmt"/>
      <line num="127" count="12" type="stmt"/>
      <line num="129" count="41" type="stmt"/>
      <line num="131" count="53" type="stmt"/>
      <line num="132" count="53" type="stmt"/>
      <line num="134" count="15" type="cond" truecount="2" falsecount="0"/>
      <line num="135" count="14" type="stmt"/>
      <line num="136" count="14" type="stmt"/>
      <line num="137" count="14" type="stmt"/>
      <line num="139" count="14" type="stmt"/>
      <line num="140" count="66" type="stmt"/>
      <line num="141" count="66" type="stmt"/>
      <line num="142" count="66" type="cond" truecount="2" falsecount="0"/>
      <line num="143" count="14" type="stmt"/>
      <line num="146" count="52" type="cond" truecount="2" falsecount="0"/>
      <line num="147" count="2" type="stmt"/>
      <line num="148" count="2" type="stmt"/>
      <line num="149" count="2" type="stmt"/>
      <line num="150" count="2" type="stmt"/>
      <line num="151" count="2" type="stmt"/>
      <line num="153" count="50" type="stmt"/>
      <line num="154" count="50" type="cond" truecount="2" falsecount="0"/>
      <line num="155" count="1" type="stmt"/>
      <line num="157" count="50" type="stmt"/>
      <line num="161" count="15" type="stmt"/>
      <line num="163" count="1" type="stmt"/>
      <line num="169" count="1" type="cond" truecount="1" falsecount="0"/>
      <line num="170" count="3" type="stmt"/>
      <line num="171" count="3" type="stmt"/>
      <line num="172" count="20" type="stmt"/>
      <line num="174" count="3" type="stmt"/>
      <line num="175" count="1" type="stmt"/>
      <line num="177" count="3" type="stmt"/>
      <line num="181" count="1" type="stmt"/>
      <line num="182" count="1" type="stmt"/>
      <line num="183" count="1" type="stmt"/>
      <line num="191" count="1" type="stmt"/>
      <line num="192" count="3" type="stmt"/>
      <line num="195" count="1" type="stmt"/>
      <line num="196" count="2" type="cond" truecount="2" falsecount="0"/>
      <line num="201" count="1" type="stmt"/>
      <line num="203" count="1" type="stmt"/>
      <line num="207" count="1" type="stmt"/>
      <line num="208" count="2" type="stmt"/>
      <line num="209" count="2" type="stmt"/>
    </file>
  </project>
</coverage>
