{"D:\\code\\---------------\\custom-calendar-taro\\src\\component\\Calendar\\utils.ts": {"path":"D:\\code\\---------------\\custom-calendar-taro\\src\\component\\Calendar\\utils.ts","statementMap":{"0":{"start":{"line":12,"column":37},"end":{"line":26,"column":1}},"1":{"start":{"line":13,"column":17},"end":{"line":13,"column":26}},"2":{"start":{"line":14,"column":2},"end":{"line":17,"column":3}},"3":{"start":{"line":15,"column":4},"end":{"line":15,"column":11}},"4":{"start":{"line":16,"column":4},"end":{"line":16,"column":19}},"5":{"start":{"line":18,"column":2},"end":{"line":21,"column":3}},"6":{"start":{"line":19,"column":4},"end":{"line":19,"column":11}},"7":{"start":{"line":20,"column":4},"end":{"line":20,"column":19}},"8":{"start":{"line":22,"column":2},"end":{"line":25,"column":3}},"9":{"start":{"line":30,"column":36},"end":{"line":39,"column":1}},"10":{"start":{"line":31,"column":19},"end":{"line":31,"column":28}},"11":{"start":{"line":32,"column":18},"end":{"line":32,"column":28}},"12":{"start":{"line":33,"column":2},"end":{"line":33,"column":43}},"13":{"start":{"line":34,"column":2},"end":{"line":38,"column":3}},"14":{"start":{"line":42,"column":28},"end":{"line":54,"column":1}},"15":{"start":{"line":43,"column":14},"end":{"line":43,"column":48}},"16":{"start":{"line":44,"column":19},"end":{"line":44,"column":32}},"17":{"start":{"line":45,"column":18},"end":{"line":45,"column":28}},"18":{"start":{"line":47,"column":2},"end":{"line":47,"column":42}},"19":{"start":{"line":48,"column":17},"end":{"line":52,"column":3}},"20":{"start":{"line":53,"column":2},"end":{"line":53,"column":16}},"21":{"start":{"line":56,"column":26},"end":{"line":60,"column":1}},"22":{"start":{"line":57,"column":18},"end":{"line":57,"column":28}},"23":{"start":{"line":58,"column":2},"end":{"line":58,"column":44}},"24":{"start":{"line":59,"column":2},"end":{"line":59,"column":41}},"25":{"start":{"line":62,"column":17},"end":{"line":69,"column":1}},"26":{"start":{"line":63,"column":2},"end":{"line":68,"column":5}},"27":{"start":{"line":72,"column":28},"end":{"line":108,"column":1}},"28":{"start":{"line":73,"column":26},"end":{"line":73,"column":28}},"29":{"start":{"line":74,"column":23},"end":{"line":74,"column":53}},"30":{"start":{"line":75,"column":23},"end":{"line":75,"column":49}},"31":{"start":{"line":77,"column":2},"end":{"line":91,"column":3}},"32":{"start":{"line":80,"column":17},"end":{"line":80,"column":61}},"33":{"start":{"line":81,"column":19},"end":{"line":81,"column":28}},"34":{"start":{"line":82,"column":28},"end":{"line":82,"column":56}},"35":{"start":{"line":83,"column":20},"end":{"line":83,"column":42}},"36":{"start":{"line":84,"column":4},"end":{"line":84,"column":39}},"37":{"start":{"line":85,"column":18},"end":{"line":85,"column":40}},"38":{"start":{"line":87,"column":4},"end":{"line":90,"column":5}},"39":{"start":{"line":87,"column":17},"end":{"line":87,"column":18}},"40":{"start":{"line":88,"column":21},"end":{"line":88,"column":43}},"41":{"start":{"line":89,"column":6},"end":{"line":89,"column":48}},"42":{"start":{"line":92,"column":2},"end":{"line":95,"column":3}},"43":{"start":{"line":92,"column":15},"end":{"line":92,"column":16}},"44":{"start":{"line":93,"column":16},"end":{"line":93,"column":21}},"45":{"start":{"line":94,"column":4},"end":{"line":94,"column":37}},"46":{"start":{"line":98,"column":21},"end":{"line":98,"column":37}},"47":{"start":{"line":99,"column":2},"end":{"line":106,"column":3}},"48":{"start":{"line":99,"column":15},"end":{"line":99,"column":16}},"49":{"start":{"line":100,"column":20},"end":{"line":100,"column":29}},"50":{"start":{"line":101,"column":29},"end":{"line":101,"column":58}},"51":{"start":{"line":102,"column":21},"end":{"line":102,"column":44}},"52":{"start":{"line":103,"column":4},"end":{"line":103,"column":41}},"53":{"start":{"line":104,"column":20},"end":{"line":104,"column":25}},"54":{"start":{"line":105,"column":4},"end":{"line":105,"column":49}},"55":{"start":{"line":107,"column":2},"end":{"line":107,"column":14}},"56":{"start":{"line":113,"column":27},"end":{"line":161,"column":1}},"57":{"start":{"line":114,"column":26},"end":{"line":114,"column":28}},"58":{"start":{"line":115,"column":21},"end":{"line":115,"column":49}},"59":{"start":{"line":116,"column":13},"end":{"line":116,"column":16}},"60":{"start":{"line":117,"column":22},"end":{"line":117,"column":39}},"61":{"start":{"line":119,"column":2},"end":{"line":132,"column":3}},"62":{"start":{"line":121,"column":4},"end":{"line":129,"column":5}},"63":{"start":{"line":122,"column":26},"end":{"line":122,"column":55}},"64":{"start":{"line":123,"column":22},"end":{"line":123,"column":38}},"65":{"start":{"line":124,"column":23},"end":{"line":124,"column":40}},"66":{"start":{"line":125,"column":6},"end":{"line":125,"column":30}},"67":{"start":{"line":126,"column":6},"end":{"line":126,"column":57}},"68":{"start":{"line":128,"column":6},"end":{"line":128,"column":51}},"69":{"start":{"line":130,"column":4},"end":{"line":130,"column":11}},"70":{"start":{"line":131,"column":4},"end":{"line":131,"column":20}},"71":{"start":{"line":133,"column":2},"end":{"line":159,"column":3}},"72":{"start":{"line":134,"column":4},"end":{"line":134,"column":15}},"73":{"start":{"line":135,"column":4},"end":{"line":135,"column":33}},"74":{"start":{"line":136,"column":24},"end":{"line":136,"column":49}},"75":{"start":{"line":138,"column":4},"end":{"line":158,"column":5}},"76":{"start":{"line":139,"column":6},"end":{"line":139,"column":13}},"77":{"start":{"line":140,"column":6},"end":{"line":140,"column":22}},"78":{"start":{"line":141,"column":6},"end":{"line":143,"column":7}},"79":{"start":{"line":142,"column":8},"end":{"line":142,"column":14}},"80":{"start":{"line":145,"column":6},"end":{"line":157,"column":7}},"81":{"start":{"line":146,"column":29},"end":{"line":146,"column":58}},"82":{"start":{"line":147,"column":25},"end":{"line":147,"column":42}},"83":{"start":{"line":148,"column":26},"end":{"line":148,"column":44}},"84":{"start":{"line":149,"column":8},"end":{"line":149,"column":17}},"85":{"start":{"line":150,"column":8},"end":{"line":150,"column":50}},"86":{"start":{"line":152,"column":24},"end":{"line":152,"column":45}},"87":{"start":{"line":153,"column":8},"end":{"line":155,"column":9}},"88":{"start":{"line":154,"column":10},"end":{"line":154,"column":32}},"89":{"start":{"line":156,"column":8},"end":{"line":156,"column":42}},"90":{"start":{"line":160,"column":2},"end":{"line":160,"column":14}},"91":{"start":{"line":162,"column":32},"end":{"line":162,"column":67}},"92":{"start":{"line":168,"column":30},"end":{"line":177,"column":1}},"93":{"start":{"line":169,"column":30},"end":{"line":169,"column":32}},"94":{"start":{"line":170,"column":2},"end":{"line":172,"column":3}},"95":{"start":{"line":170,"column":15},"end":{"line":170,"column":23}},"96":{"start":{"line":171,"column":4},"end":{"line":171,"column":29}},"97":{"start":{"line":173,"column":2},"end":{"line":175,"column":3}},"98":{"start":{"line":173,"column":15},"end":{"line":173,"column":16}},"99":{"start":{"line":174,"column":4},"end":{"line":174,"column":29}},"100":{"start":{"line":176,"column":2},"end":{"line":176,"column":16}},"101":{"start":{"line":180,"column":35},"end":{"line":188,"column":1}},"102":{"start":{"line":181,"column":15},"end":{"line":181,"column":25}},"103":{"start":{"line":182,"column":2},"end":{"line":187,"column":3}},"104":{"start":{"line":191,"column":28},"end":{"line":193,"column":1}},"105":{"start":{"line":192,"column":2},"end":{"line":192,"column":60}},"106":{"start":{"line":195,"column":26},"end":{"line":197,"column":1}},"107":{"start":{"line":196,"column":2},"end":{"line":196,"column":95}},"108":{"start":{"line":199,"column":25},"end":{"line":208,"column":1}},"109":{"start":{"line":200,"column":2},"end":{"line":206,"column":3}},"110":{"start":{"line":205,"column":4},"end":{"line":205,"column":16}},"111":{"start":{"line":207,"column":2},"end":{"line":207,"column":15}}},"fnMap":{"0":{"name":"(anonymous_0)","decl":{"start":{"line":12,"column":37},"end":{"line":12,"column":38}},"loc":{"start":{"line":12,"column":70},"end":{"line":26,"column":1}},"line":12},"1":{"name":"(anonymous_1)","decl":{"start":{"line":30,"column":36},"end":{"line":30,"column":37}},"loc":{"start":{"line":30,"column":94},"end":{"line":39,"column":1}},"line":30},"2":{"name":"(anonymous_2)","decl":{"start":{"line":42,"column":28},"end":{"line":42,"column":29}},"loc":{"start":{"line":42,"column":71},"end":{"line":54,"column":1}},"line":42},"3":{"name":"(anonymous_3)","decl":{"start":{"line":56,"column":26},"end":{"line":56,"column":27}},"loc":{"start":{"line":56,"column":85},"end":{"line":60,"column":1}},"line":56},"4":{"name":"(anonymous_4)","decl":{"start":{"line":62,"column":17},"end":{"line":62,"column":18}},"loc":{"start":{"line":62,"column":97},"end":{"line":69,"column":1}},"line":62},"5":{"name":"(anonymous_5)","decl":{"start":{"line":72,"column":28},"end":{"line":72,"column":29}},"loc":{"start":{"line":72,"column":98},"end":{"line":108,"column":1}},"line":72},"6":{"name":"(anonymous_6)","decl":{"start":{"line":113,"column":27},"end":{"line":113,"column":28}},"loc":{"start":{"line":113,"column":110},"end":{"line":161,"column":1}},"line":113},"7":{"name":"(anonymous_7)","decl":{"start":{"line":168,"column":30},"end":{"line":168,"column":31}},"loc":{"start":{"line":168,"column":61},"end":{"line":177,"column":1}},"line":168},"8":{"name":"(anonymous_8)","decl":{"start":{"line":180,"column":35},"end":{"line":180,"column":36}},"loc":{"start":{"line":180,"column":50},"end":{"line":188,"column":1}},"line":180},"9":{"name":"(anonymous_9)","decl":{"start":{"line":191,"column":28},"end":{"line":191,"column":29}},"loc":{"start":{"line":191,"column":65},"end":{"line":193,"column":1}},"line":191},"10":{"name":"(anonymous_10)","decl":{"start":{"line":195,"column":26},"end":{"line":195,"column":27}},"loc":{"start":{"line":195,"column":54},"end":{"line":197,"column":1}},"line":195},"11":{"name":"(anonymous_11)","decl":{"start":{"line":199,"column":25},"end":{"line":199,"column":26}},"loc":{"start":{"line":199,"column":67},"end":{"line":208,"column":1}},"line":199}},"branchMap":{"0":{"loc":{"start":{"line":14,"column":2},"end":{"line":17,"column":3}},"type":"if","locations":[{"start":{"line":14,"column":2},"end":{"line":17,"column":3}},{"start":{},"end":{}}],"line":14},"1":{"loc":{"start":{"line":18,"column":2},"end":{"line":21,"column":3}},"type":"if","locations":[{"start":{"line":18,"column":2},"end":{"line":21,"column":3}},{"start":{},"end":{}}],"line":18},"2":{"loc":{"start":{"line":62,"column":77},"end":{"line":62,"column":92}},"type":"default-arg","locations":[{"start":{"line":62,"column":86},"end":{"line":62,"column":92}}],"line":62},"3":{"loc":{"start":{"line":72,"column":58},"end":{"line":72,"column":82}},"type":"default-arg","locations":[{"start":{"line":72,"column":81},"end":{"line":72,"column":82}}],"line":72},"4":{"loc":{"start":{"line":77,"column":2},"end":{"line":91,"column":3}},"type":"if","locations":[{"start":{"line":77,"column":2},"end":{"line":91,"column":3}},{"start":{},"end":{}}],"line":77},"5":{"loc":{"start":{"line":80,"column":42},"end":{"line":80,"column":59}},"type":"binary-expr","locations":[{"start":{"line":80,"column":42},"end":{"line":80,"column":54}},{"start":{"line":80,"column":58},"end":{"line":80,"column":59}}],"line":80},"6":{"loc":{"start":{"line":113,"column":70},"end":{"line":113,"column":94}},"type":"default-arg","locations":[{"start":{"line":113,"column":93},"end":{"line":113,"column":94}}],"line":113},"7":{"loc":{"start":{"line":117,"column":22},"end":{"line":117,"column":39}},"type":"binary-expr","locations":[{"start":{"line":117,"column":22},"end":{"line":117,"column":34}},{"start":{"line":117,"column":38},"end":{"line":117,"column":39}}],"line":117},"8":{"loc":{"start":{"line":121,"column":4},"end":{"line":129,"column":5}},"type":"if","locations":[{"start":{"line":121,"column":4},"end":{"line":129,"column":5}},{"start":{"line":127,"column":11},"end":{"line":129,"column":5}}],"line":121},"9":{"loc":{"start":{"line":133,"column":2},"end":{"line":159,"column":3}},"type":"if","locations":[{"start":{"line":133,"column":2},"end":{"line":159,"column":3}},{"start":{},"end":{}}],"line":133},"10":{"loc":{"start":{"line":141,"column":6},"end":{"line":143,"column":7}},"type":"if","locations":[{"start":{"line":141,"column":6},"end":{"line":143,"column":7}},{"start":{},"end":{}}],"line":141},"11":{"loc":{"start":{"line":145,"column":6},"end":{"line":157,"column":7}},"type":"if","locations":[{"start":{"line":145,"column":6},"end":{"line":157,"column":7}},{"start":{"line":151,"column":13},"end":{"line":157,"column":7}}],"line":145},"12":{"loc":{"start":{"line":153,"column":8},"end":{"line":155,"column":9}},"type":"if","locations":[{"start":{"line":153,"column":8},"end":{"line":155,"column":9}},{"start":{},"end":{}}],"line":153},"13":{"loc":{"start":{"line":168,"column":31},"end":{"line":168,"column":56}},"type":"default-arg","locations":[{"start":{"line":168,"column":55},"end":{"line":168,"column":56}}],"line":168},"14":{"loc":{"start":{"line":192,"column":9},"end":{"line":192,"column":59}},"type":"cond-expr","locations":[{"start":{"line":192,"column":38},"end":{"line":192,"column":50}},{"start":{"line":192,"column":53},"end":{"line":192,"column":59}}],"line":192},"15":{"loc":{"start":{"line":200,"column":2},"end":{"line":206,"column":3}},"type":"if","locations":[{"start":{"line":200,"column":2},"end":{"line":206,"column":3}},{"start":{},"end":{}}],"line":200},"16":{"loc":{"start":{"line":201,"column":4},"end":{"line":203,"column":27}},"type":"binary-expr","locations":[{"start":{"line":201,"column":4},"end":{"line":201,"column":29}},{"start":{"line":202,"column":4},"end":{"line":202,"column":31}},{"start":{"line":203,"column":4},"end":{"line":203,"column":27}}],"line":201}},"s":{"0":1,"1":185,"2":185,"3":11,"4":11,"5":185,"6":4,"7":4,"8":185,"9":1,"10":5,"11":5,"12":5,"13":5,"14":1,"15":182,"16":182,"17":182,"18":182,"19":182,"20":182,"21":1,"22":680,"23":680,"24":680,"25":1,"26":651,"27":1,"28":13,"29":13,"30":13,"31":13,"32":12,"33":12,"34":12,"35":12,"36":12,"37":12,"38":12,"39":12,"40":38,"41":38,"42":13,"43":13,"44":394,"45":394,"46":13,"47":13,"48":13,"49":114,"50":114,"51":114,"52":114,"53":114,"54":114,"55":13,"56":1,"57":15,"58":15,"59":15,"60":15,"61":15,"62":53,"63":12,"64":12,"65":12,"66":12,"67":12,"68":41,"69":53,"70":53,"71":15,"72":14,"73":14,"74":14,"75":14,"76":66,"77":66,"78":66,"79":14,"80":52,"81":2,"82":2,"83":2,"84":2,"85":2,"86":50,"87":50,"88":1,"89":50,"90":15,"91":1,"92":1,"93":3,"94":3,"95":3,"96":20,"97":3,"98":3,"99":1,"100":3,"101":1,"102":1,"103":1,"104":1,"105":8,"106":1,"107":3,"108":1,"109":2,"110":1,"111":1},"f":{"0":185,"1":5,"2":182,"3":680,"4":651,"5":13,"6":15,"7":3,"8":1,"9":8,"10":3,"11":2},"b":{"0":[11,174],"1":[4,181],"2":[598],"3":[13],"4":[12,1],"5":[12,1],"6":[15],"7":[15,1],"8":[12,41],"9":[14,1],"10":[14,52],"11":[2,50],"12":[1,49],"13":[1],"14":[4,4],"15":[1,1],"16":[2,2,2]},"_coverageSchema":"1a1c01bbd47fc00a2c39e90264f33305004495a9","hash":"5f67243f22a8a9efad19ceb73e1f2f794311cff7"}
}
