TN:
SF:src\component\Calendar\utils.ts
FN:12,(anonymous_0)
FN:30,(anonymous_1)
FN:42,(anonymous_2)
FN:56,(anonymous_3)
FN:62,(anonymous_4)
FN:72,(anonymous_5)
FN:113,(anonymous_6)
FN:168,(anonymous_7)
FN:180,(anonymous_8)
FN:191,(anonymous_9)
FN:195,(anonymous_10)
FN:199,(anonymous_11)
FNF:12
FNH:12
FNDA:185,(anonymous_0)
FNDA:5,(anonymous_1)
FNDA:182,(anonymous_2)
FNDA:680,(anonymous_3)
FNDA:651,(anonymous_4)
FNDA:13,(anonymous_5)
FNDA:15,(anonymous_6)
FNDA:3,(anonymous_7)
FNDA:1,(anonymous_8)
FNDA:8,(anonymous_9)
FNDA:3,(anonymous_10)
FNDA:2,(anonymous_11)
DA:12,1
DA:13,185
DA:14,185
DA:15,11
DA:16,11
DA:18,185
DA:19,4
DA:20,4
DA:22,185
DA:30,1
DA:31,5
DA:32,5
DA:33,5
DA:34,5
DA:42,1
DA:43,182
DA:44,182
DA:45,182
DA:47,182
DA:48,182
DA:53,182
DA:56,1
DA:57,680
DA:58,680
DA:59,680
DA:62,1
DA:63,651
DA:72,1
DA:73,13
DA:74,13
DA:75,13
DA:77,13
DA:80,12
DA:81,12
DA:82,12
DA:83,12
DA:84,12
DA:85,12
DA:87,12
DA:88,38
DA:89,38
DA:92,13
DA:93,394
DA:94,394
DA:98,13
DA:99,13
DA:100,114
DA:101,114
DA:102,114
DA:103,114
DA:104,114
DA:105,114
DA:107,13
DA:113,1
DA:114,15
DA:115,15
DA:116,15
DA:117,15
DA:119,15
DA:121,53
DA:122,12
DA:123,12
DA:124,12
DA:125,12
DA:126,12
DA:128,41
DA:130,53
DA:131,53
DA:133,15
DA:134,14
DA:135,14
DA:136,14
DA:138,14
DA:139,66
DA:140,66
DA:141,66
DA:142,14
DA:145,52
DA:146,2
DA:147,2
DA:148,2
DA:149,2
DA:150,2
DA:152,50
DA:153,50
DA:154,1
DA:156,50
DA:160,15
DA:162,1
DA:168,1
DA:169,3
DA:170,3
DA:171,20
DA:173,3
DA:174,1
DA:176,3
DA:180,1
DA:181,1
DA:182,1
DA:191,1
DA:192,8
DA:195,1
DA:196,3
DA:199,1
DA:200,2
DA:205,1
DA:207,1
LF:107
LH:107
BRDA:14,0,0,11
BRDA:14,0,1,174
BRDA:18,1,0,4
BRDA:18,1,1,181
BRDA:62,2,0,598
BRDA:72,3,0,13
BRDA:77,4,0,12
BRDA:77,4,1,1
BRDA:80,5,0,12
BRDA:80,5,1,1
BRDA:113,6,0,15
BRDA:117,7,0,15
BRDA:117,7,1,1
BRDA:121,8,0,12
BRDA:121,8,1,41
BRDA:133,9,0,14
BRDA:133,9,1,1
BRDA:141,10,0,14
BRDA:141,10,1,52
BRDA:145,11,0,2
BRDA:145,11,1,50
BRDA:153,12,0,1
BRDA:153,12,1,49
BRDA:168,13,0,1
BRDA:192,14,0,4
BRDA:192,14,1,4
BRDA:200,15,0,1
BRDA:200,15,1,1
BRDA:201,16,0,2
BRDA:201,16,1,2
BRDA:201,16,2,2
BRF:31
BRH:31
end_of_record
