TN:
SF:src\component\Calendar\utils.ts
FN:5,(anonymous_0)
FN:22,(anonymous_1)
FN:34,(anonymous_2)
FN:48,(anonymous_3)
FN:54,(anonymous_4)
FN:64,(anonymous_5)
FN:105,(anonymous_6)
FN:150,(anonymous_7)
FN:162,(anonymous_8)
FN:172,(anonymous_9)
FN:176,(anonymous_10)
FN:188,(anonymous_11)
FNF:12
FNH:12
FNDA:190,(anonymous_0)
FNDA:5,(anonymous_1)
FNDA:187,(anonymous_2)
FNDA:696,(anonymous_3)
FNDA:665,(anonymous_4)
FNDA:13,(anonymous_5)
FNDA:17,(anonymous_6)
FNDA:3,(anonymous_7)
FNDA:1,(anonymous_8)
FNDA:3,(anonymous_9)
FNDA:2,(anonymous_10)
FNDA:2,(anonymous_11)
DA:5,1
DA:6,190
DA:7,190
DA:8,11
DA:9,11
DA:11,190
DA:12,4
DA:13,4
DA:15,190
DA:22,1
DA:23,5
DA:24,5
DA:25,5
DA:26,5
DA:34,1
DA:35,187
DA:36,187
DA:37,187
DA:39,187
DA:40,187
DA:45,187
DA:48,1
DA:49,696
DA:50,696
DA:51,696
DA:54,1
DA:55,665
DA:64,1
DA:65,13
DA:66,13
DA:67,13
DA:69,13
DA:72,12
DA:73,12
DA:74,12
DA:75,12
DA:76,12
DA:77,12
DA:79,12
DA:80,38
DA:81,38
DA:84,13
DA:85,394
DA:86,394
DA:90,13
DA:91,13
DA:92,114
DA:93,114
DA:94,114
DA:95,114
DA:96,114
DA:97,114
DA:99,13
DA:105,1
DA:106,17
DA:107,17
DA:108,17
DA:109,17
DA:110,17
DA:113,17
DA:114,58
DA:116,14
DA:117,14
DA:118,14
DA:119,14
DA:121,58
DA:122,58
DA:123,58
DA:126,17
DA:128,17
DA:129,17
DA:130,17
DA:131,17
DA:132,61
DA:134,2
DA:135,2
DA:136,2
DA:137,2
DA:139,61
DA:140,61
DA:142,17
DA:144,1
DA:150,1
DA:151,3
DA:152,3
DA:153,20
DA:155,3
DA:156,1
DA:158,3
DA:162,1
DA:163,1
DA:164,1
DA:172,1
DA:173,3
DA:176,1
DA:177,2
DA:182,1
DA:184,1
DA:188,1
DA:189,2
DA:190,2
LF:101
LH:101
BRDA:7,0,0,11
BRDA:7,0,1,179
BRDA:11,1,0,4
BRDA:11,1,1,186
BRDA:54,2,0,607
BRDA:64,3,0,13
BRDA:69,4,0,12
BRDA:69,4,1,1
BRDA:72,5,0,12
BRDA:72,5,1,1
BRDA:105,6,0,16
BRDA:114,7,0,14
BRDA:114,7,1,44
BRDA:132,8,0,2
BRDA:132,8,1,59
BRDA:150,9,0,1
BRDA:177,10,0,1
BRDA:177,10,1,1
BRDA:178,11,0,2
BRDA:178,11,1,2
BRDA:178,11,2,2
BRF:21
BRH:21
end_of_record
